<?xml version="1.0" encoding="UTF-8"?>
<!-- Generated by org.testng.reporters.JUnitXMLReporter -->
<testsuite ignored="0" hostname="DESKTOP-IQ434QR" failures="0" tests="3" name="Test" time="81.187" errors="0" timestamp="2024-04-15T05:29:14 IST">
  <testcase classname="test.NewTest001" name="MobileTest" time="36.805"/>
  <testcase classname="test.NewTest001" name="TotalCountofTv" time="6.902"/>
  <testcase classname="test.NewTest001" name="TvNameWithCount" time="9.955"/>
</testsuite> <!-- Test -->
